<object-stream>
<org.drools.kiesession.audit.WorkingMemoryLog>
  <version>6.1</version>
  <events>
    <org.drools.kiesession.audit.ObjectLogEvent>
      <type>1</type>
      <factId>1</factId>
      <objectToString>ID pacjenta: 10
Imię i nazwisko oraz płeć: Jan Kowalczyk (MALE)
⮕ Zdrowy: NIEZNANY
⮕ Diagnoza: Brak
⮕ Parametry życiowe: Temp=39,2°C, Sat=94.0%, HR=110, RR=18, BP=110, Cough=true, ChestPain=?, Dyspnea=?
Referencja obiektu: 2ff15f8c
</objectToString>
    </org.drools.kiesession.audit.ObjectLogEvent>
    <org.drools.kiesession.audit.ActivationLogEvent>
      <type>4</type>
      <activationId>Rozpoznanie gorączki [1]</activationId>
      <rule>Rozpoznanie gorączki</rule>
      <declarations>$p=ID pacjenta: 10
Imię i nazwisko oraz płeć: Jan Kowalczyk (MALE)
⮕ Zdrowy: NIEZNANY
⮕ Diagnoza: Brak
⮕ Parametry życiowe: Temp=39,2°C, Sat=94.0%, HR=110, RR=18, BP=110, Cough=true, ChestPain=?, Dyspnea=?
Referencja obiektu: 2ff15f8c
</declarations>
      <factHandleIds>1</factHandleIds>
    </org.drools.kiesession.audit.ActivationLogEvent>
    <org.drools.kiesession.audit.ActivationLogEvent>
      <type>4</type>
      <activationId>Podejrzenie zapalenia płuc [1]</activationId>
      <rule>Podejrzenie zapalenia płuc</rule>
      <declarations>$p=ID pacjenta: 10
Imię i nazwisko oraz płeć: Jan Kowalczyk (MALE)
⮕ Zdrowy: NIEZNANY
⮕ Diagnoza: Brak
⮕ Parametry życiowe: Temp=39,2°C, Sat=94.0%, HR=110, RR=18, BP=110, Cough=true, ChestPain=?, Dyspnea=?
Referencja obiektu: 2ff15f8c
</declarations>
      <factHandleIds>1</factHandleIds>
    </org.drools.kiesession.audit.ActivationLogEvent>
    <org.drools.kiesession.audit.ActivationLogEvent>
      <type>4</type>
      <activationId>Domniemanie bycia zdrowym [1]</activationId>
      <rule>Domniemanie bycia zdrowym</rule>
      <declarations>$p=ID pacjenta: 10
Imię i nazwisko oraz płeć: Jan Kowalczyk (MALE)
⮕ Zdrowy: NIEZNANY
⮕ Diagnoza: Brak
⮕ Parametry życiowe: Temp=39,2°C, Sat=94.0%, HR=110, RR=18, BP=110, Cough=true, ChestPain=?, Dyspnea=?
Referencja obiektu: 2ff15f8c
</declarations>
      <factHandleIds>1</factHandleIds>
    </org.drools.kiesession.audit.ActivationLogEvent>
    <org.drools.kiesession.audit.ActivationLogEvent>
      <type>6</type>
      <activationId>Domniemanie bycia zdrowym [1]</activationId>
      <rule>Domniemanie bycia zdrowym</rule>
      <declarations>$p=ID pacjenta: 10
Imię i nazwisko oraz płeć: Jan Kowalczyk (MALE)
⮕ Zdrowy: NIEZNANY
⮕ Diagnoza: Brak
⮕ Parametry życiowe: Temp=39,2°C, Sat=94.0%, HR=110, RR=18, BP=110, Cough=true, ChestPain=?, Dyspnea=?
Referencja obiektu: 2ff15f8c
</declarations>
      <factHandleIds>1</factHandleIds>
    </org.drools.kiesession.audit.ActivationLogEvent>
    <org.drools.kiesession.audit.ActivationLogEvent>
      <type>7</type>
      <activationId>Domniemanie bycia zdrowym [1]</activationId>
      <rule>Domniemanie bycia zdrowym</rule>
      <declarations>$p=ID pacjenta: 10
Imię i nazwisko oraz płeć: Jan Kowalczyk (MALE)
⮕ Zdrowy: true
⮕ Diagnoza: Brak
⮕ Parametry życiowe: Temp=39,2°C, Sat=94.0%, HR=110, RR=18, BP=110, Cough=true, ChestPain=?, Dyspnea=?
Referencja obiektu: 2ff15f8c

REGULY URUCHOMIONE W NASTĘPUJĄCEJ KOLEJNOŚCI:
Reguła &apos;Domniemanie bycia zdrowym&apos; uruchomiona!
</declarations>
      <factHandleIds>1</factHandleIds>
    </org.drools.kiesession.audit.ActivationLogEvent>
    <org.drools.kiesession.audit.ActivationLogEvent>
      <type>6</type>
      <activationId>Podejrzenie zapalenia płuc [1]</activationId>
      <rule>Podejrzenie zapalenia płuc</rule>
      <declarations>$p=ID pacjenta: 10
Imię i nazwisko oraz płeć: Jan Kowalczyk (MALE)
⮕ Zdrowy: true
⮕ Diagnoza: Brak
⮕ Parametry życiowe: Temp=39,2°C, Sat=94.0%, HR=110, RR=18, BP=110, Cough=true, ChestPain=?, Dyspnea=?
Referencja obiektu: 2ff15f8c

REGULY URUCHOMIONE W NASTĘPUJĄCEJ KOLEJNOŚCI:
Reguła &apos;Domniemanie bycia zdrowym&apos; uruchomiona!
</declarations>
      <factHandleIds>1</factHandleIds>
    </org.drools.kiesession.audit.ActivationLogEvent>
    <org.drools.kiesession.audit.ActivationLogEvent>
      <type>7</type>
      <activationId>Podejrzenie zapalenia płuc [1]</activationId>
      <rule>Podejrzenie zapalenia płuc</rule>
      <declarations>$p=ID pacjenta: 10
Imię i nazwisko oraz płeć: Jan Kowalczyk (MALE)
⮕ Zdrowy: false
⮕ Diagnoza: Podejrzenie zapalenia płuc
⮕ Parametry życiowe: Temp=39,2°C, Sat=94.0%, HR=110, RR=18, BP=110, Cough=true, ChestPain=?, Dyspnea=?
Referencja obiektu: 2ff15f8c

REGULY URUCHOMIONE W NASTĘPUJĄCEJ KOLEJNOŚCI:
Reguła &apos;Domniemanie bycia zdrowym&apos; uruchomiona!
Reguła &apos;Podejrzenie zapalenia płuc&apos; uruchomiona!
</declarations>
      <factHandleIds>1</factHandleIds>
    </org.drools.kiesession.audit.ActivationLogEvent>
    <org.drools.kiesession.audit.ActivationLogEvent>
      <type>6</type>
      <activationId>Rozpoznanie gorączki [1]</activationId>
      <rule>Rozpoznanie gorączki</rule>
      <declarations>$p=ID pacjenta: 10
Imię i nazwisko oraz płeć: Jan Kowalczyk (MALE)
⮕ Zdrowy: false
⮕ Diagnoza: Podejrzenie zapalenia płuc
⮕ Parametry życiowe: Temp=39,2°C, Sat=94.0%, HR=110, RR=18, BP=110, Cough=true, ChestPain=?, Dyspnea=?
Referencja obiektu: 2ff15f8c

REGULY URUCHOMIONE W NASTĘPUJĄCEJ KOLEJNOŚCI:
Reguła &apos;Domniemanie bycia zdrowym&apos; uruchomiona!
Reguła &apos;Podejrzenie zapalenia płuc&apos; uruchomiona!
</declarations>
      <factHandleIds>1</factHandleIds>
    </org.drools.kiesession.audit.ActivationLogEvent>
    <org.drools.kiesession.audit.ActivationLogEvent>
      <type>7</type>
      <activationId>Rozpoznanie gorączki [1]</activationId>
      <rule>Rozpoznanie gorączki</rule>
      <declarations>$p=ID pacjenta: 10
Imię i nazwisko oraz płeć: Jan Kowalczyk (MALE)
⮕ Zdrowy: false
⮕ Diagnoza: Gorączka!
⮕ Parametry życiowe: Temp=39,2°C, Sat=94.0%, HR=110, RR=18, BP=110, Cough=true, ChestPain=?, Dyspnea=?
Referencja obiektu: 2ff15f8c

REGULY URUCHOMIONE W NASTĘPUJĄCEJ KOLEJNOŚCI:
Reguła &apos;Domniemanie bycia zdrowym&apos; uruchomiona!
Reguła &apos;Podejrzenie zapalenia płuc&apos; uruchomiona!
Reguła &apos;Rozpoznanie gorączki&apos; uruchomiona!
</declarations>
      <factHandleIds>1</factHandleIds>
    </org.drools.kiesession.audit.ActivationLogEvent>
  </events>
</org.drools.kiesession.audit.WorkingMemoryLog>
</object-stream>
