<object-stream>
<org.drools.kiesession.audit.WorkingMemoryLog>
  <version>6.1</version>
  <events>
    <org.drools.kiesession.audit.ObjectLogEvent>
      <type>1</type>
      <factId>1</factId>
      <objectToString>ID pacjenta: 6
Imię i nazwisko oraz płeć: Tomasz Wiśniewski (MALE)
⮕ Zdrowy: NIEZNANY
⮕ Diagnoza: Brak
⮕ Parametry życiowe: Temp=38,5°C, Sat=98.0%, HR=80, RR=16, BP=120, Cough=false, ChestPain=false, Dyspnea=false
Referencja obiektu: 338cc75f
</objectToString>
    </org.drools.kiesession.audit.ObjectLogEvent>
    <org.drools.kiesession.audit.ActivationLogEvent>
      <type>4</type>
      <activationId>Rozpoznanie gorączki [1]</activationId>
      <rule>Rozpoznanie gorączki</rule>
      <declarations>$p=ID pacjenta: 6
Imię i nazwisko oraz płeć: Tomasz Wiśniewski (MALE)
⮕ Zdrowy: NIEZNANY
⮕ Diagnoza: Brak
⮕ Parametry życiowe: Temp=38,5°C, Sat=98.0%, HR=80, RR=16, BP=120, Cough=false, ChestPain=false, Dyspnea=false
Referencja obiektu: 338cc75f
</declarations>
      <factHandleIds>1</factHandleIds>
    </org.drools.kiesession.audit.ActivationLogEvent>
    <org.drools.kiesession.audit.ActivationLogEvent>
      <type>4</type>
      <activationId>Domniemanie bycia zdrowym [1]</activationId>
      <rule>Domniemanie bycia zdrowym</rule>
      <declarations>$p=ID pacjenta: 6
Imię i nazwisko oraz płeć: Tomasz Wiśniewski (MALE)
⮕ Zdrowy: NIEZNANY
⮕ Diagnoza: Brak
⮕ Parametry życiowe: Temp=38,5°C, Sat=98.0%, HR=80, RR=16, BP=120, Cough=false, ChestPain=false, Dyspnea=false
Referencja obiektu: 338cc75f
</declarations>
      <factHandleIds>1</factHandleIds>
    </org.drools.kiesession.audit.ActivationLogEvent>
    <org.drools.kiesession.audit.ActivationLogEvent>
      <type>6</type>
      <activationId>Domniemanie bycia zdrowym [1]</activationId>
      <rule>Domniemanie bycia zdrowym</rule>
      <declarations>$p=ID pacjenta: 6
Imię i nazwisko oraz płeć: Tomasz Wiśniewski (MALE)
⮕ Zdrowy: NIEZNANY
⮕ Diagnoza: Brak
⮕ Parametry życiowe: Temp=38,5°C, Sat=98.0%, HR=80, RR=16, BP=120, Cough=false, ChestPain=false, Dyspnea=false
Referencja obiektu: 338cc75f
</declarations>
      <factHandleIds>1</factHandleIds>
    </org.drools.kiesession.audit.ActivationLogEvent>
    <org.drools.kiesession.audit.ActivationLogEvent>
      <type>7</type>
      <activationId>Domniemanie bycia zdrowym [1]</activationId>
      <rule>Domniemanie bycia zdrowym</rule>
      <declarations>$p=ID pacjenta: 6
Imię i nazwisko oraz płeć: Tomasz Wiśniewski (MALE)
⮕ Zdrowy: true
⮕ Diagnoza: Brak
⮕ Parametry życiowe: Temp=38,5°C, Sat=98.0%, HR=80, RR=16, BP=120, Cough=false, ChestPain=false, Dyspnea=false
Referencja obiektu: 338cc75f

REGULY URUCHOMIONE W NASTĘPUJĄCEJ KOLEJNOŚCI:
Reguła &apos;Domniemanie bycia zdrowym&apos; uruchomiona!
</declarations>
      <factHandleIds>1</factHandleIds>
    </org.drools.kiesession.audit.ActivationLogEvent>
    <org.drools.kiesession.audit.ActivationLogEvent>
      <type>6</type>
      <activationId>Rozpoznanie gorączki [1]</activationId>
      <rule>Rozpoznanie gorączki</rule>
      <declarations>$p=ID pacjenta: 6
Imię i nazwisko oraz płeć: Tomasz Wiśniewski (MALE)
⮕ Zdrowy: true
⮕ Diagnoza: Brak
⮕ Parametry życiowe: Temp=38,5°C, Sat=98.0%, HR=80, RR=16, BP=120, Cough=false, ChestPain=false, Dyspnea=false
Referencja obiektu: 338cc75f

REGULY URUCHOMIONE W NASTĘPUJĄCEJ KOLEJNOŚCI:
Reguła &apos;Domniemanie bycia zdrowym&apos; uruchomiona!
</declarations>
      <factHandleIds>1</factHandleIds>
    </org.drools.kiesession.audit.ActivationLogEvent>
    <org.drools.kiesession.audit.ActivationLogEvent>
      <type>7</type>
      <activationId>Rozpoznanie gorączki [1]</activationId>
      <rule>Rozpoznanie gorączki</rule>
      <declarations>$p=ID pacjenta: 6
Imię i nazwisko oraz płeć: Tomasz Wiśniewski (MALE)
⮕ Zdrowy: false
⮕ Diagnoza: Gorączka!
⮕ Parametry życiowe: Temp=38,5°C, Sat=98.0%, HR=80, RR=16, BP=120, Cough=false, ChestPain=false, Dyspnea=false
Referencja obiektu: 338cc75f

REGULY URUCHOMIONE W NASTĘPUJĄCEJ KOLEJNOŚCI:
Reguła &apos;Domniemanie bycia zdrowym&apos; uruchomiona!
Reguła &apos;Rozpoznanie gorączki&apos; uruchomiona!
</declarations>
      <factHandleIds>1</factHandleIds>
    </org.drools.kiesession.audit.ActivationLogEvent>
  </events>
</org.drools.kiesession.audit.WorkingMemoryLog>
</object-stream>
